<?xml version="1.0" encoding="UTF-8"?>
<!-- Generated by org.testng.reporters.JUnitReportReporter -->
<testsuite hostname="DESKTOP-4MN2024" failures="0" tests="2" name="com.Exercise1.testCases.CruiseHomePageTest" time="16.844" errors="0" timestamp="2022-02-16T21:25:50 ART" skipped="0">
  <testcase classname="com.Exercise1.testCases.CruiseHomePageTest" name="DestinationCruiseTest" time="6.302"/>
  <system-out/>
  <testcase classname="com.Exercise1.testCases.CruiseHomePageTest" name="DepartsAsDateTest" time="10.542"/>
  <system-out/>
</testsuite> <!-- com.Exercise1.testCases.CruiseHomePageTest -->
