<?xml version="1.0" encoding="UTF-8"?>
<!-- Generated by org.testng.reporters.JUnitReportReporter -->
<testsuite hostname="DESKTOP-4MN2024" failures="0" tests="1" name="com.Exercise5.testCases.CruisePricePageTest" time="2.260" errors="0" timestamp="2022-02-18T17:59:24 ART" skipped="0">
  <testcase classname="com.Exercise5.testCases.CruisePricePageTest" name="chosenCruisePriceTest" time="2.260"/>
  <system-out/>
</testsuite> <!-- com.Exercise5.testCases.CruisePricePageTest -->
