<?xml version="1.0" encoding="UTF-8"?>
<!-- Generated by org.testng.reporters.JUnitReportReporter -->
<testsuite hostname="DESKTOP-4MN2024" failures="0" tests="1" name="com.Exercise5.testCases.CruiseLengthPageTest" time="25.682" errors="0" timestamp="2022-02-18T17:59:24 ART" skipped="0">
  <testcase classname="com.Exercise5.testCases.CruiseLengthPageTest" name="chosenCruiselengthTest" time="25.682"/>
  <system-out/>
</testsuite> <!-- com.Exercise5.testCases.CruiseLengthPageTest -->
