<?xml version="1.0" encoding="UTF-8"?>
<!-- Generated by org.testng.reporters.JUnitReportReporter -->
<testsuite hostname="DESKTOP-4MN2024" failures="0" tests="3" name="com.Exercise5.testCases.CruiseHomePageTest" time="3.140" errors="0" timestamp="2022-02-18T17:59:24 ART" skipped="0">
  <testcase classname="com.Exercise5.testCases.CruiseHomePageTest" name="DestinationCruiseTest" time="0.448"/>
  <system-out/>
  <testcase classname="com.Exercise5.testCases.CruiseHomePageTest" name="DepartsAsDateTest" time="1.474"/>
  <system-out/>
  <testcase classname="com.Exercise5.testCases.CruiseHomePageTest" name="searchButtonTest" time="1.218"/>
  <system-out/>
</testsuite> <!-- com.Exercise5.testCases.CruiseHomePageTest -->
